Arguments: 
  /usr/local/bin/node /usr/local/bin/yarn add react-

PATH: 
  /Users/yj/repos/site/node_modules/.bin:/usr/local/lib/node_modules/npm/bin/node-gyp-bin:/Users/yj/repos/site/node_modules/.bin:/Users/yj/.rvm/gems/ruby-2.3.0/bin:/Users/yj/.rvm/gems/ruby-2.3.0@global/bin:/Users/yj/.rvm/rubies/ruby-2.3.0/bin:/usr/local/opt/python/libexec/bin:/usr/local/bin:/usr/bin:/bin:/usr/sbin:/sbin:/Applications/Wireshark.app/Contents/MacOS:/Users/yj/.rvm/gems/ruby-2.3.0/bin:/Users/yj/.rvm/gems/ruby-2.3.0@global/bin:/Users/yj/.rvm/rubies/ruby-2.3.0/bin:/usr/local/opt/python/libexec/bin:/Users/yj/depot_tools:/Users/yj/sdk/tools:/Users/yj/.rvm/bin:/Users/yj/depot_tools:/Users/yj/sdk/tools:/Users/yj/.rvm/bin

Yarn version: 
  1.3.2

Node version: 
  9.0.0

Platform: 
  darwin x64

npm manifest: 
  {
    "name": "site",
    "version": "1.0.0",
    "description": "",
    "main": "index.js",
    "repository": {
      "url": "https://github.com/hardfist/site",
      "type": "git"
    },
    "scripts": {
      "dev": "NODE_ENV=development nodemon server/app.js",
      "start": "NODE_ENV=production pm2 start server/app.js --name site",
      "build": "rm -rf dist && parcel build client/index.html --no-cache --no-minify -d dist/ --public-url /",
      "deploy": "pm2 deploy ecosystem.config.js production"
    },
    "keywords": [],
    "author": "",
    "license": "ISC",
    "devDependencies": {
      "babel-preset-env": "^1.7.0",
      "babel-preset-react": "^6.24.1",
      "babel-preset-stage-0": "^6.24.1",
      "nodemon": "^1.17.4",
      "parcel": "^1.8.1",
      "parcel-bundler": "^1.8.1",
      "pm2": "^2.10.3"
    },
    "dependencies": {
      "@koa/cors": "^2.2.1",
      "koa": "^2.5.1",
      "koa-body": "^2.5.0",
      "koa-router": "^7.4.0",
      "koa-static": "^4.0.2",
      "koa-views": "^6.1.4",
      "react": "^16.3.2",
      "react-dom": "^16.3.2",
      "react-router-dom": "^4.2.2"
    }
  }

yarn manifest: 
  No manifest

Lockfile: 
  No lockfile

Trace: 
  Error: http://npm.byted.org/react-: no such package available
      at Request.params.callback [as _callback] (/usr/local/lib/node_modules/yarn/lib/cli.js:62098:18)
      at Request.self.callback (/usr/local/lib/node_modules/yarn/lib/cli.js:123085:22)
      at emitTwo (events.js:135:13)
      at Request.emit (events.js:224:7)
      at Request.<anonymous> (/usr/local/lib/node_modules/yarn/lib/cli.js:124068:10)
      at emitOne (events.js:125:13)
      at Request.emit (events.js:221:7)
      at Gunzip.<anonymous> (/usr/local/lib/node_modules/yarn/lib/cli.js:123988:12)
      at Object.onceWrapper (events.js:322:30)
      at emitNone (events.js:120:20)
